<?xml version="1.0" encoding="UTF-8"?>
<coverage generated="1786583230907" clover="3.2.0">
  <project timestamp="1786583230907" name="All files">
    <metrics statements="56" coveredstatements="56" conditionals="27" coveredconditionals="22" methods="5" coveredmethods="5" elements="88" coveredelements="83" complexity="0" loc="56" ncloc="56" packages="1" files="2" classes="2"/>
    <file name="fiadoCalculations.ts" path="D:\dev\padaria-inventario-react\src\utils\fiadoCalculations.ts">
      <metrics statements="8" coveredstatements="8" conditionals="4" coveredconditionals="4" methods="2" coveredmethods="2"/>
      <line num="3" count="1" type="stmt"/>
      <line num="4" count="2" type="stmt"/>
      <line num="5" count="2" type="stmt"/>
      <line num="6" count="5" type="cond" truecount="2" falsecount="0"/>
      <line num="7" count="5" type="cond" truecount="2" falsecount="0"/>
      <line num="8" count="3" type="stmt"/>
      <line num="10" count="2" type="stmt"/>
      <line num="12" count="5" type="stmt"/>
    </file>
    <file name="fuzzyMatcher.ts" path="D:\dev\padaria-inventario-react\src\utils\fuzzyMatcher.ts">
      <metrics statements="48" coveredstatements="48" conditionals="23" coveredconditionals="18" methods="3" coveredmethods="3"/>
      <line num="3" count="1" type="stmt"/>
      <line num="4" count="29" type="stmt"/>
      <line num="6" count="29" type="stmt"/>
      <line num="7" count="29" type="stmt"/>
      <line num="9" count="29" type="cond" truecount="1" falsecount="1"/>
      <line num="10" count="29" type="cond" truecount="1" falsecount="1"/>
      <line num="12" count="29" type="stmt"/>
      <line num="13" count="372" type="stmt"/>
      <line num="15" count="29" type="stmt"/>
      <line num="16" count="375" type="stmt"/>
      <line num="19" count="29" type="stmt"/>
      <line num="20" count="343" type="stmt"/>
      <line num="21" count="4382" type="stmt"/>
      <line num="29" count="29" type="stmt"/>
      <line num="32" count="1" type="stmt"/>
      <line num="33" count="26" type="stmt"/>
      <line num="34" count="26" type="stmt"/>
      <line num="35" count="26" type="cond" truecount="1" falsecount="1"/>
      <line num="36" count="26" type="stmt"/>
      <line num="39" count="1" type="stmt"/>
      <line num="48" count="1" type="stmt"/>
      <line num="53" count="8" type="stmt"/>
      <line num="54" count="8" type="cond" truecount="1" falsecount="1"/>
      <line num="57" count="8" type="stmt"/>
      <line num="58" count="8" type="stmt"/>
      <line num="61" count="8" type="stmt"/>
      <line num="62" count="8" type="stmt"/>
      <line num="64" count="8" type="cond" truecount="2" falsecount="0"/>
      <line num="65" count="2" type="stmt"/>
      <line num="66" count="2" type="stmt"/>
      <line num="67" count="2" type="stmt"/>
      <line num="70" count="6" type="stmt"/>
      <line num="71" count="21" type="stmt"/>
      <line num="72" count="21" type="cond" truecount="2" falsecount="0"/>
      <line num="73" count="6" type="stmt"/>
      <line num="74" count="6" type="stmt"/>
      <line num="75" count="6" type="stmt"/>
      <line num="80" count="8" type="cond" truecount="1" falsecount="1"/>
      <line num="83" count="8" type="stmt"/>
      <line num="84" count="8" type="stmt"/>
      <line num="86" count="8" type="stmt"/>
      <line num="87" count="24" type="stmt"/>
      <line num="88" count="24" type="cond" truecount="2" falsecount="0"/>
      <line num="89" count="15" type="stmt"/>
      <line num="90" count="15" type="stmt"/>
      <line num="94" count="8" type="cond" truecount="4" falsecount="0"/>
      <line num="95" count="7" type="stmt"/>
      <line num="103" count="1" type="stmt"/>
    </file>
  </project>
</coverage>
