{"D:\\dev\\padaria-inventario-react\\src\\utils\\fiadoCalculations.ts": {"path":"D:\\dev\\padaria-inventario-react\\src\\utils\\fiadoCalculations.ts","statementMap":{"0":{"start":{"line":3,"column":13},"end":{"line":17,"column":null}},"1":{"start":{"line":4,"column":23},"end":{"line":4,"column":null}},"2":{"start":{"line":5,"column":2},"end":{"line":16,"column":null}},"3":{"start":{"line":6,"column":20},"end":{"line":6,"column":null}},"4":{"start":{"line":7,"column":4},"end":{"line":11,"column":null}},"5":{"start":{"line":8,"column":6},"end":{"line":8,"column":null}},"6":{"start":{"line":10,"column":6},"end":{"line":10,"column":null}},"7":{"start":{"line":12,"column":4},"end":{"line":15,"column":null}}},"fnMap":{"0":{"name":"(anonymous_0)","decl":{"start":{"line":3,"column":13},"end":{"line":3,"column":39}},"loc":{"start":{"line":3,"column":115},"end":{"line":17,"column":null}},"line":3},"1":{"name":"(anonymous_1)","decl":{"start":{"line":5,"column":19},"end":{"line":5,"column":23}},"loc":{"start":{"line":5,"column":30},"end":{"line":16,"column":3}},"line":5}},"branchMap":{"0":{"loc":{"start":{"line":6,"column":20},"end":{"line":6,"column":null}},"type":"binary-expr","locations":[{"start":{"line":6,"column":20},"end":{"line":6,"column":51}},{"start":{"line":6,"column":51},"end":{"line":6,"column":null}}],"line":6},"1":{"loc":{"start":{"line":7,"column":4},"end":{"line":11,"column":null}},"type":"if","locations":[{"start":{"line":7,"column":4},"end":{"line":11,"column":null}},{"start":{"line":9,"column":11},"end":{"line":11,"column":null}}],"line":7}},"s":{"0":1,"1":2,"2":2,"3":5,"4":5,"5":3,"6":2,"7":5},"f":{"0":2,"1":5},"b":{"0":[5,3],"1":[3,2]},"meta":{"lastBranch":2,"lastFunction":2,"lastStatement":8,"seen":{"s:3:13:17:Infinity":0,"f:3:13:3:39":0,"s:4:23:4:Infinity":1,"s:5:2:16:Infinity":2,"f:5:19:5:23":1,"s:6:20:6:Infinity":3,"b:6:20:6:51:6:51:6:Infinity":0,"b:7:4:11:Infinity:9:11:11:Infinity":1,"s:7:4:11:Infinity":4,"s:8:6:8:Infinity":5,"s:10:6:10:Infinity":6,"s:12:4:15:Infinity":7},"fnNames":{}}}
,"D:\\dev\\padaria-inventario-react\\src\\utils\\fuzzyMatcher.ts": {"path":"D:\\dev\\padaria-inventario-react\\src\\utils\\fuzzyMatcher.ts","statementMap":{"0":{"start":{"line":3,"column":13},"end":{"line":30,"column":null}},"1":{"start":{"line":4,"column":14},"end":{"line":4,"column":null}},"2":{"start":{"line":6,"column":15},"end":{"line":6,"column":null}},"3":{"start":{"line":7,"column":15},"end":{"line":7,"column":null}},"4":{"start":{"line":9,"column":2},"end":{"line":9,"column":null}},"5":{"start":{"line":9,"column":18},"end":{"line":9,"column":null}},"6":{"start":{"line":10,"column":2},"end":{"line":10,"column":null}},"7":{"start":{"line":10,"column":18},"end":{"line":10,"column":null}},"8":{"start":{"line":12,"column":2},"end":{"line":14,"column":null}},"9":{"start":{"line":13,"column":4},"end":{"line":13,"column":null}},"10":{"start":{"line":15,"column":2},"end":{"line":17,"column":null}},"11":{"start":{"line":16,"column":4},"end":{"line":16,"column":null}},"12":{"start":{"line":19,"column":2},"end":{"line":27,"column":null}},"13":{"start":{"line":20,"column":4},"end":{"line":26,"column":null}},"14":{"start":{"line":21,"column":6},"end":{"line":25,"column":null}},"15":{"start":{"line":29,"column":2},"end":{"line":29,"column":null}},"16":{"start":{"line":32,"column":13},"end":{"line":37,"column":null}},"17":{"start":{"line":33,"column":19},"end":{"line":33,"column":null}},"18":{"start":{"line":34,"column":20},"end":{"line":34,"column":null}},"19":{"start":{"line":35,"column":2},"end":{"line":35,"column":null}},"20":{"start":{"line":35,"column":23},"end":{"line":35,"column":null}},"21":{"start":{"line":36,"column":2},"end":{"line":36,"column":null}},"22":{"start":{"line":39,"column":22},"end":{"line":39,"column":null}},"23":{"start":{"line":48,"column":13},"end":{"line":104,"column":null}},"24":{"start":{"line":53,"column":18},"end":{"line":53,"column":null}},"25":{"start":{"line":54,"column":2},"end":{"line":54,"column":null}},"26":{"start":{"line":54,"column":16},"end":{"line":54,"column":null}},"27":{"start":{"line":57,"column":17},"end":{"line":57,"column":null}},"28":{"start":{"line":58,"column":17},"end":{"line":58,"column":null}},"29":{"start":{"line":61,"column":19},"end":{"line":61,"column":null}},"30":{"start":{"line":62,"column":19},"end":{"line":62,"column":null}},"31":{"start":{"line":64,"column":2},"end":{"line":78,"column":null}},"32":{"start":{"line":65,"column":19},"end":{"line":65,"column":null}},"33":{"start":{"line":66,"column":4},"end":{"line":66,"column":null}},"34":{"start":{"line":67,"column":4},"end":{"line":67,"column":null}},"35":{"start":{"line":70,"column":4},"end":{"line":77,"column":null}},"36":{"start":{"line":71,"column":27},"end":{"line":71,"column":null}},"37":{"start":{"line":72,"column":6},"end":{"line":76,"column":null}},"38":{"start":{"line":73,"column":8},"end":{"line":73,"column":null}},"39":{"start":{"line":74,"column":8},"end":{"line":74,"column":null}},"40":{"start":{"line":75,"column":8},"end":{"line":75,"column":null}},"41":{"start":{"line":80,"column":2},"end":{"line":80,"column":null}},"42":{"start":{"line":80,"column":17},"end":{"line":80,"column":null}},"43":{"start":{"line":83,"column":34},"end":{"line":83,"column":null}},"44":{"start":{"line":84,"column":23},"end":{"line":84,"column":null}},"45":{"start":{"line":86,"column":2},"end":{"line":92,"column":null}},"46":{"start":{"line":87,"column":23},"end":{"line":87,"column":null}},"47":{"start":{"line":88,"column":4},"end":{"line":91,"column":null}},"48":{"start":{"line":89,"column":6},"end":{"line":89,"column":null}},"49":{"start":{"line":90,"column":6},"end":{"line":90,"column":null}},"50":{"start":{"line":94,"column":2},"end":{"line":101,"column":null}},"51":{"start":{"line":95,"column":4},"end":{"line":100,"column":null}},"52":{"start":{"line":103,"column":2},"end":{"line":103,"column":null}}},"fnMap":{"0":{"name":"(anonymous_0)","decl":{"start":{"line":3,"column":13},"end":{"line":3,"column":36}},"loc":{"start":{"line":3,"column":69},"end":{"line":30,"column":null}},"line":3},"1":{"name":"(anonymous_1)","decl":{"start":{"line":32,"column":13},"end":{"line":32,"column":36}},"loc":{"start":{"line":32,"column":69},"end":{"line":37,"column":null}},"line":32},"2":{"name":"(anonymous_2)","decl":{"start":{"line":48,"column":13},"end":{"line":48,"column":null}},"loc":{"start":{"line":52,"column":30},"end":{"line":104,"column":null}},"line":52}},"branchMap":{"0":{"loc":{"start":{"line":9,"column":2},"end":{"line":9,"column":null}},"type":"if","locations":[{"start":{"line":9,"column":2},"end":{"line":9,"column":null}},{"start":{},"end":{}}],"line":9},"1":{"loc":{"start":{"line":10,"column":2},"end":{"line":10,"column":null}},"type":"if","locations":[{"start":{"line":10,"column":2},"end":{"line":10,"column":null}},{"start":{},"end":{}}],"line":10},"2":{"loc":{"start":{"line":24,"column":29},"end":{"line":24,"column":null}},"type":"cond-expr","locations":[{"start":{"line":24,"column":53},"end":{"line":24,"column":57}},{"start":{"line":24,"column":57},"end":{"line":24,"column":null}}],"line":24},"3":{"loc":{"start":{"line":35,"column":2},"end":{"line":35,"column":null}},"type":"if","locations":[{"start":{"line":35,"column":2},"end":{"line":35,"column":null}},{"start":{},"end":{}}],"line":35},"4":{"loc":{"start":{"line":51,"column":2},"end":{"line":51,"column":null}},"type":"default-arg","locations":[{"start":{"line":51,"column":14},"end":{"line":51,"column":null}}],"line":51},"5":{"loc":{"start":{"line":54,"column":2},"end":{"line":54,"column":null}},"type":"if","locations":[{"start":{"line":54,"column":2},"end":{"line":54,"column":null}},{"start":{},"end":{}}],"line":54},"6":{"loc":{"start":{"line":64,"column":2},"end":{"line":78,"column":null}},"type":"if","locations":[{"start":{"line":64,"column":2},"end":{"line":78,"column":null}},{"start":{"line":68,"column":9},"end":{"line":78,"column":null}}],"line":64},"7":{"loc":{"start":{"line":72,"column":6},"end":{"line":76,"column":null}},"type":"if","locations":[{"start":{"line":72,"column":6},"end":{"line":76,"column":null}},{"start":{},"end":{}}],"line":72},"8":{"loc":{"start":{"line":80,"column":2},"end":{"line":80,"column":null}},"type":"if","locations":[{"start":{"line":80,"column":2},"end":{"line":80,"column":null}},{"start":{},"end":{}}],"line":80},"9":{"loc":{"start":{"line":88,"column":4},"end":{"line":91,"column":null}},"type":"if","locations":[{"start":{"line":88,"column":4},"end":{"line":91,"column":null}},{"start":{},"end":{}}],"line":88},"10":{"loc":{"start":{"line":94,"column":2},"end":{"line":101,"column":null}},"type":"if","locations":[{"start":{"line":94,"column":2},"end":{"line":101,"column":null}},{"start":{},"end":{}}],"line":94},"11":{"loc":{"start":{"line":94,"column":6},"end":{"line":94,"column":48}},"type":"binary-expr","locations":[{"start":{"line":94,"column":6},"end":{"line":94,"column":19}},{"start":{"line":94,"column":19},"end":{"line":94,"column":48}}],"line":94}},"s":{"0":1,"1":29,"2":29,"3":29,"4":29,"5":0,"6":29,"7":0,"8":29,"9":372,"10":29,"11":375,"12":29,"13":343,"14":4382,"15":29,"16":1,"17":26,"18":26,"19":26,"20":0,"21":26,"22":1,"23":1,"24":8,"25":8,"26":0,"27":8,"28":8,"29":8,"30":8,"31":8,"32":2,"33":2,"34":2,"35":6,"36":21,"37":21,"38":6,"39":6,"40":6,"41":8,"42":0,"43":8,"44":8,"45":8,"46":24,"47":24,"48":15,"49":15,"50":8,"51":7,"52":1},"f":{"0":29,"1":26,"2":8},"b":{"0":[0,29],"1":[0,29],"2":[306,4076],"3":[0,26],"4":[8],"5":[0,8],"6":[2,6],"7":[6,15],"8":[0,8],"9":[15,9],"10":[7,1],"11":[8,8]},"meta":{"lastBranch":12,"lastFunction":3,"lastStatement":53,"seen":{"s:3:13:30:Infinity":0,"f:3:13:3:36":0,"s:4:14:4:Infinity":1,"s:6:15:6:Infinity":2,"s:7:15:7:Infinity":3,"b:9:2:9:Infinity:undefined:undefined:undefined:undefined":0,"s:9:2:9:Infinity":4,"s:9:18:9:Infinity":5,"b:10:2:10:Infinity:undefined:undefined:undefined:undefined":1,"s:10:2:10:Infinity":6,"s:10:18:10:Infinity":7,"s:12:2:14:Infinity":8,"s:13:4:13:Infinity":9,"s:15:2:17:Infinity":10,"s:16:4:16:Infinity":11,"s:19:2:27:Infinity":12,"s:20:4:26:Infinity":13,"s:21:6:25:Infinity":14,"b:24:53:24:57:24:57:24:Infinity":2,"s:29:2:29:Infinity":15,"s:32:13:37:Infinity":16,"f:32:13:32:36":1,"s:33:19:33:Infinity":17,"s:34:20:34:Infinity":18,"b:35:2:35:Infinity:undefined:undefined:undefined:undefined":3,"s:35:2:35:Infinity":19,"s:35:23:35:Infinity":20,"s:36:2:36:Infinity":21,"s:39:22:39:Infinity":22,"s:48:13:104:Infinity":23,"f:48:13:48:Infinity":2,"b:51:14:51:Infinity":4,"s:53:18:53:Infinity":24,"b:54:2:54:Infinity:undefined:undefined:undefined:undefined":5,"s:54:2:54:Infinity":25,"s:54:16:54:Infinity":26,"s:57:17:57:Infinity":27,"s:58:17:58:Infinity":28,"s:61:19:61:Infinity":29,"s:62:19:62:Infinity":30,"b:64:2:78:Infinity:68:9:78:Infinity":6,"s:64:2:78:Infinity":31,"s:65:19:65:Infinity":32,"s:66:4:66:Infinity":33,"s:67:4:67:Infinity":34,"s:70:4:77:Infinity":35,"s:71:27:71:Infinity":36,"b:72:6:76:Infinity:undefined:undefined:undefined:undefined":7,"s:72:6:76:Infinity":37,"s:73:8:73:Infinity":38,"s:74:8:74:Infinity":39,"s:75:8:75:Infinity":40,"b:80:2:80:Infinity:undefined:undefined:undefined:undefined":8,"s:80:2:80:Infinity":41,"s:80:17:80:Infinity":42,"s:83:34:83:Infinity":43,"s:84:23:84:Infinity":44,"s:86:2:92:Infinity":45,"s:87:23:87:Infinity":46,"b:88:4:91:Infinity:undefined:undefined:undefined:undefined":9,"s:88:4:91:Infinity":47,"s:89:6:89:Infinity":48,"s:90:6:90:Infinity":49,"b:94:2:101:Infinity:undefined:undefined:undefined:undefined":10,"s:94:2:101:Infinity":50,"b:94:6:94:19:94:19:94:48":11,"s:95:4:100:Infinity":51,"s:103:2:103:Infinity":52},"fnNames":{}}}
}
